#-----------------------------------------------------------
# Vivado v2018.2 (64-bit)
# SW Build 2258646 on Thu Jun 14 20:03:12 MDT 2018
# IP Build 2256618 on Thu Jun 14 22:10:49 MDT 2018
# Start of session at: Thu Jul  7 19:47:27 2022
# Process ID: 47024
# Current directory: C:/Users/User/Desktop/Vivado/Lab4
# Command line: vivado.exe -gui_launcher_event rodinguilauncherevent49952 C:\Users\User\Desktop\Vivado\Lab4\Lab4.xpr
# Log file: C:/Users/User/Desktop/Vivado/Lab4/vivado.log
# Journal file: C:/Users/User/Desktop/Vivado/Lab4\vivado.jou
#-----------------------------------------------------------
start_gui
open_project C:/Users/User/Desktop/Vivado/Lab4/Lab4.xpr
Scanning sources...
Finished scanning sources
INFO: [IP_Flow 19-234] Refreshing IP repositories
INFO: [IP_Flow 19-1704] No user IP repositories specified
INFO: [IP_Flow 19-2313] Loaded Vivado IP repository 'C:/Xilinx/Vivado/2018.2/data/ip'.
update_compile_order -fileset sources_1
exit
INFO: [Common 17-206] Exiting Vivado at Thu Jul  7 19:53:42 2022...
