#-----------------------------------------------------------
# Vivado v2018.2 (64-bit)
# SW Build 2258646 on Thu Jun 14 20:03:12 MDT 2018
# IP Build 2256618 on Thu Jun 14 22:10:49 MDT 2018
# Start of session at: Thu Aug  4 15:33:18 2022
# Process ID: 67436
# Current directory: C:/Users/User/Desktop/Vivado/Lab5
# Command line: vivado.exe -gui_launcher_event rodinguilauncherevent36956 C:\Users\User\Desktop\Vivado\Lab5\Lab5.xpr
# Log file: C:/Users/User/Desktop/Vivado/Lab5/vivado.log
# Journal file: C:/Users/User/Desktop/Vivado/Lab5\vivado.jou
#-----------------------------------------------------------
start_gui
open_project C:/Users/User/Desktop/Vivado/Lab5/Lab5.xpr
Scanning sources...
Finished scanning sources
INFO: [IP_Flow 19-234] Refreshing IP repositories
INFO: [IP_Flow 19-1704] No user IP repositories specified
INFO: [IP_Flow 19-2313] Loaded Vivado IP repository 'C:/Xilinx/Vivado/2018.2/data/ip'.
open_project: Time (s): cpu = 00:00:11 ; elapsed = 00:00:05 . Memory (MB): peak = 844.012 ; gain = 110.320
update_compile_order -fileset sources_1
exit
INFO: [Common 17-206] Exiting Vivado at Thu Aug  4 16:34:40 2022...
