#-----------------------------------------------------------
# Vivado v2018.2 (64-bit)
# SW Build 2258646 on Thu Jun 14 20:03:12 MDT 2018
# IP Build 2256618 on Thu Jun 14 22:10:49 MDT 2018
# Start of session at: Fri Jun 24 13:54:49 2022
# Process ID: 15456
# Current directory: C:/Users/User/Desktop/Vivado/Lab2
# Command line: vivado.exe -gui_launcher_event rodinguilauncherevent36924 C:\Users\User\Desktop\Vivado\Lab2\Lab2.xpr
# Log file: C:/Users/User/Desktop/Vivado/Lab2/vivado.log
# Journal file: C:/Users/User/Desktop/Vivado/Lab2\vivado.jou
#-----------------------------------------------------------
start_gui
open_project C:/Users/User/Desktop/Vivado/Lab2/Lab2.xpr
Scanning sources...
Finished scanning sources
INFO: [IP_Flow 19-234] Refreshing IP repositories
INFO: [IP_Flow 19-1704] No user IP repositories specified
INFO: [IP_Flow 19-2313] Loaded Vivado IP repository 'C:/Xilinx/Vivado/2018.2/data/ip'.
open_project: Time (s): cpu = 00:00:28 ; elapsed = 00:00:17 . Memory (MB): peak = 846.102 ; gain = 122.594
update_compile_order -fileset sources_1
exit
INFO: [Common 17-206] Exiting Vivado at Fri Jun 24 14:46:49 2022...
