#-----------------------------------------------------------
# Vivado v2018.2 (64-bit)
# SW Build 2258646 on Thu Jun 14 20:03:12 MDT 2018
# IP Build 2256618 on Thu Jun 14 22:10:49 MDT 2018
# Start of session at: Thu Jun  2 13:21:33 2022
# Process ID: 78544
# Current directory: C:/Users/User/Desktop/Vivado/Lab3.1
# Command line: vivado.exe -gui_launcher_event rodinguilauncherevent85000 C:\Users\User\Desktop\Vivado\Lab3.1\Lab3.1.xpr
# Log file: C:/Users/User/Desktop/Vivado/Lab3.1/vivado.log
# Journal file: C:/Users/User/Desktop/Vivado/Lab3.1\vivado.jou
#-----------------------------------------------------------
start_gui
open_project C:/Users/User/Desktop/Vivado/Lab3.1/Lab3.1.xpr
Scanning sources...
Finished scanning sources
INFO: [IP_Flow 19-234] Refreshing IP repositories
INFO: [IP_Flow 19-1704] No user IP repositories specified
INFO: [IP_Flow 19-2313] Loaded Vivado IP repository 'C:/Xilinx/Vivado/2018.2/data/ip'.
open_project: Time (s): cpu = 00:00:17 ; elapsed = 00:00:12 . Memory (MB): peak = 836.863 ; gain = 104.953
update_compile_order -fileset sources_1
ipx::package_project -root_dir C:/Users/User/Desktop/Vivado/IPs -vendor xilinx.com -library user -taxonomy /UserIP -import_files -set_current false
WARNING: [IP_Flow 19-3833] Unreferenced file from the top module is not packaged: 'C:/Users/User/Desktop/Vivado/Lab3.1/Lab3.1.srcs/sources_1/new/RCA_4.vhd'.
INFO: [IP_Flow 19-2181] Payment Required is not set for this core.
INFO: [IP_Flow 19-2187] The Product Guide file is missing.
ipx::unload_core c:/Users/User/Desktop/Vivado/IPs/component.xml
ipx::edit_ip_in_project -upgrade true -name tmp_edit_project -directory C:/Users/User/Desktop/Vivado/IPs c:/Users/User/Desktop/Vivado/IPs/component.xml
INFO: [IP_Flow 19-234] Refreshing IP repositories
INFO: [IP_Flow 19-1704] No user IP repositories specified
INFO: [IP_Flow 19-2313] Loaded Vivado IP repository 'C:/Xilinx/Vivado/2018.2/data/ip'.
create_project: Time (s): cpu = 00:00:10 ; elapsed = 00:00:06 . Memory (MB): peak = 908.078 ; gain = 35.422
INFO: [IP_Flow 19-795] Syncing license key meta-data
ipx::edit_ip_in_project: Time (s): cpu = 00:00:13 ; elapsed = 00:00:08 . Memory (MB): peak = 910.973 ; gain = 38.316
current_project Lab3.1
current_project tmp_edit_project
update_compile_order -fileset sources_1
update_compile_order -fileset sources_1
set_property previous_version_for_upgrade xilinx.com:user:FA:1.0 [ipx::current_core]
set_property core_revision 1 [ipx::current_core]
ipx::create_xgui_files [ipx::current_core]
ipx::update_checksums [ipx::current_core]
ipx::save_core [ipx::current_core]
ipx::move_temp_component_back -component [ipx::current_core]
close_project -delete
set_property  ip_repo_paths  c:/Users/User/Desktop/Vivado/IPs [current_project]
update_ip_catalog
INFO: [IP_Flow 19-234] Refreshing IP repositories
INFO: [IP_Flow 19-1700] Loaded user IP repository 'c:/Users/User/Desktop/Vivado/IPs'.
exit
INFO: [Common 17-206] Exiting Vivado at Thu Jun  2 13:40:10 2022...
