#-----------------------------------------------------------
# Vivado v2018.2 (64-bit)
# SW Build 2258646 on Thu Jun 14 20:03:12 MDT 2018
# IP Build 2256618 on Thu Jun 14 22:10:49 MDT 2018
# Start of session at: Tue Jun 21 09:41:17 2022
# Process ID: 960
# Current directory: C:/Users/User/Desktop/Vivado/Lab6
# Command line: vivado.exe -gui_launcher_event rodinguilauncherevent1288 C:\Users\User\Desktop\Vivado\Lab6\Lab6.xpr
# Log file: C:/Users/User/Desktop/Vivado/Lab6/vivado.log
# Journal file: C:/Users/User/Desktop/Vivado/Lab6\vivado.jou
#-----------------------------------------------------------
start_gui
opeopen_project C:/Users/User/Desktop/Vivado/Lab6/Lab6.xScaScanning sources...
Finished scanning sourcINFINFO: [IP_Flow 19-234] Refreshing IP repositories
INFO: [IP_Flow 19-1704] No user IP repositories specifiINFINFO: [IP_Flow 19-2313] Loaded Vivado IP repository 'C:/Xilinx/Vivado/2018.2/data/ipopeopen_project: Time (s): cpu = 00:00:13 ; elapsed = 00:00:08 . Memory (MB): peak = 754.223 ; gain = 97.5updupdate_compile_order -fileset sourceslauupdate_compile_order -fileset sources_1
update_compile_order -fileset sources_1
exit
INFO: [Common 17-206] Exiting Vivado at Tue Jun 21 10:49:11 2022...
1] Simulation object is 'sim_1'
INFO: [SIM-utils-54] Inspecting design source files for 'AU_Sim' in fileset 'sim_1'...
INFO: [USF-XSim-97] Finding global include files...
INFO: [USF-XSim-98] Fetching design files from 'sim_1'...
INFO: [USF-XSim-2] XSim::Compile design
INFO: [USF-XSim-61] Executing 'COMPILE and ANALYZE' step in 'C:/Users/User/Desktop/Vivado/Lab6/Lab6.sim/sim_1/behav/xsim'
"xvhdl --incr --relax -prj AU_Sim_vhdl.prj"
INFO: [USF-XSim-69] 'compile' step finished in '1' seconds
INFO: [USF-XSim-3] XSim::Elaborate design
INFO: [USF-XSim-61] Executing 'ELABORATE' step in 'C:/Users/User/Desktop/Vivado/Lab6/Lab6.sim/sim_1/behav/xsim'
Vivado Simulator 2018.2
Copyright 1986-1999, 2001-2018 Xilinx, Inc. All Rights Reserved.
Running: C:/Xilinx/Vivado/2018.2/bin/unwrapped/win64.o/xelab.exe -wto cf777509a1714325a1bf43955d0452ba --incr --debug typical --relax --mt 2 -L xil_defaultlib -L secureip --snapshot AU_Sim_behav xil_defaultlib.AU_Sim -log elaborate.log 
Using 2 slave threads.
Starting static elaboration
Completed static elaboration
INFO: [XSIM 43-4323] No Change in HDL. Linking previously generated obj files to create kernel
INFO: [USF-XSim-69] 'elaborate' step finished in '1' seconds
INFO: [USF-XSim-4] XSim::Simulate design
INFO: [USF-XSim-61] Executing 'SIMULATE' step in 'C:/Users/User/Desktop/Vivado/Lab6/Lab6.sim/sim_1/behav/xsim'
INFO: [USF-XSim-98] *** Running xsim
   with args "AU_Sim_behav -key {Behavioral:sim_1:Functional:AU_Sim} -tclbatch {AU_Sim.tcl} -view {C:/Users/User/Desktop/Vivado/Lab6/AU_Sim_behav.wcfg} -log {simulate.log}"
INFO: [USF-XSim-8] Loading simulator feature
Vivado Simulator 2018.2
Time resolution is 1 ps
open_wave_config C:/Users/User/Desktop/Vivado/Lab6/AU_Sim_behav.wcfg
source AU_Sim.tcl
# set curr_wave [current_wave_config]
# if { [string length $curr_wave] == 0 } {
#   if { [llength [get_objects]] > 0} {
#     add_wave /
#     set_property needs_save false [current_wave_config]
#   } else {
#      send_msg_id Add_Wave-1 WARNING "No top level signals found. Simulator will start without a wave window. If you want to open a wave window go to 'File->New Waveform Configuration' or type 'create_wave_config' in the TCL console."
#   }
# }
# run 1000ns
INFO: [USF-XSim-96] XSim completed. Design snapshot 'AU_Sim_behav' loaded.
INFO: [USF-XSim-97] XSim simulation ran for 1000ns
launch_simulation: Time (s): cpu = 00:00:05 ; elapsed = 00:00:06 . Memory (MB): peak = 843.020 ; gain = 4.477
close_sim
INFO: [Simtcl 6-16] Simulation closed
close_sim: Time (s): cpu = 00:00:01 ; elapsed = 00:00:16 . Memory (MB): peak = 855.367 ; gain = 0.512
launch_simulation
INFO: [Vivado 12-5682] Launching behavioral simulation in 'C:/Users/User/Desktop/Vivado/Lab6/Lab6.sim/sim_1/behav/xsim'
INFO: [SIM-utils-51] Simulation object is 'sim_1'
INFO: [SIM-utils-54] Inspecting design source files for 'AU_Sim' in fileset 'sim_1'...
INFO: [USF-XSim-97] Finding global include files...
INFO: [USF-XSim-98] Fetching design files from 'sim_1'...
INFO: [USF-XSim-2] XSim::Compile design
INFO: [USF-XSim-61] Executing 'COMPILE and ANALYZE' step in 'C:/Users/User/Desktop/Vivado/Lab6/Lab6.sim/sim_1/behav/xsim'
"xvhdl --incr --relax -prj AU_Sim_vhdl.prj"
INFO: [VRFC 10-163] Analyzing VHDL file "C:/Users/User/Desktop/Vivado/Lab6/Lab6.srcs/sim_1/new/AU_Sim.vhd" into library xil_defaultlib
INFO: [VRFC 10-307] analyzing entity AU_Sim
INFO: [USF-XSim-69] 'compile' step finished in '1' seconds
INFO: [USF-XSim-3] XSim::Elaborate design
INFO: [USF-XSim-61] Executing 'ELABORATE' step in 'C:/Users/User/Desktop/Vivado/Lab6/Lab6.sim/sim_1/behav/xsim'
Vivado Simulator 2018.2
Copyright 1986-1999, 2001-2018 Xilinx, Inc. All Rights Reserved.
Running: C:/Xilinx/Vivado/2018.2/bin/unwrapped/win64.o/xelab.exe -wto cf777509a1714325a1bf43955d0452ba --incr --debug typical --relax --mt 2 -L xil_defaultlib -L secureip --snapshot AU_Sim_behav xil_defaultlib.AU_Sim -log elaborate.log 
Using 2 slave threads.
Starting static elaboration
Completed static elaboration
Starting simulation data flow analysis
Completed simulation data flow analysis
Time Resolution for simulation is 1ps
Compiling package std.standard
Compiling package std.textio
Compiling package ieee.std_logic_1164
Compiling architecture behavioral of entity xil_defaultlib.Slow_Clk [slow_clk_default]
Compiling architecture behavioral of entity xil_defaultlib.Reg [reg_default]
Compiling architecture behavioral of entity xil_defaultlib.HA [ha_default]
Compiling architecture behavioral of entity xil_defaultlib.FA [fa_default]
Compiling architecture behavioral of entity xil_defaultlib.RCA_4 [rca_4_default]
Compiling architecture behavioral of entity xil_defaultlib.AU [au_default]
Compiling architecture behavioral of entity xil_defaultlib.au_sim
Built simulation snapshot AU_Sim_behav

****** Webtalk v2018.2 (64-bit)
  **** SW Build 2258646 on Thu Jun 14 20:03:12 MDT 2018
  **** IP Build 2256618 on Thu Jun 14 22:10:49 MDT 2018
    ** Copyright 1986-2018 Xilinx, Inc. All Rights Reserved.

source C:/Users/User/Desktop/Vivado/Lab6/Lab6.sim/sim_1/behav/xsim/xsim.dir/AU_Sim_behav/webtalk/xsim_webtalk.tcl -notrace
INFO: [Common 17-206] Exiting Webtalk at Tue Jun 21 09:44:54 2022...
INFO: [USF-XSim-69] 'elaborate' step finished in '4' seconds
INFO: [USF-XSim-4] XSim::Simulate design
INFO: [USF-XSim-61] Executing 'SIMULATE' step in 'C:/Users/User/Desktop/Vivado/Lab6/Lab6.sim/sim_1/behav/xsim'
INFO: [USF-XSim-98] *** Running xsim
   with args "AU_Sim_behav -key {Behavioral:sim_1:Functional:AU_Sim} -tclbatch {AU_Sim.tcl} -view {C:/Users/User/Desktop/Vivado/Lab6/AU_Sim_behav.wcfg} -log {simulate.log}"
INFO: [USF-XSim-8] Loading simulator feature
Vivado Simulator 2018.2
Time resolution is 1 ps
open_wave_config C:/Users/User/Desktop/Vivado/Lab6/AU_Sim_behav.wcfg
source AU_Sim.tcl
# set curr_wave [current_wave_config]
# if { [string length $curr_wave] == 0 } {
#   if { [llength [get_objects]] > 0} {
#     add_wave /
#     set_property needs_save false [current_wave_config]
#   } else {
#      send_msg_id Add_Wave-1 WARNING "No top level signals found. Simulator will start without a wave window. If you want to open a wave window go to 'File->New Waveform Configuration' or type 'create_wave_config' in the TCL console."
#   }
# }
# run 1000ns
INFO: [USF-XSim-96] XSim completed. Design snapshot 'AU_Sim_behav' loaded.
INFO: [USF-XSim-97] XSim simulation ran for 1000ns
launch_simulation: Time (s): cpu = 00:00:04 ; elapsed = 00:00:08 . Memory (MB): peak = 869.629 ; gain = 14.262
close_sim
INFO: [Simtcl 6-16] Simulation closed
launch_simulation
INFO: [Vivado 12-5682] Launching behavioral simulation in 'C:/Users/User/Desktop/Vivado/Lab6/Lab6.sim/sim_1/behav/xsim'
INFO: [SIM-utils-51] Simulation object is 'sim_1'
INFO: [SIM-utils-54] Inspecting design source files for 'AU_Sim' in fileset 'sim_1'...
INFO: [USF-XSim-97] Finding global include files...
INFO: [USF-XSim-98] Fetching design files from 'sim_1'...
INFO: [USF-XSim-2] XSim::Compile design
INFO: [USF-XSim-61] Executing 'COMPILE and ANALYZE' step in 'C:/Users/User/Desktop/Vivado/Lab6/Lab6.sim/sim_1/behav/xsim'
"xvhdl --incr --relax -prj AU_Sim_vhdl.prj"
INFO: [VRFC 10-163] Analyzing VHDL file "C:/Users/User/Desktop/Vivado/Lab6/Lab6.srcs/sources_1/imports/new/Slow_Clk.vhd" into library xil_defaultlib
INFO: [VRFC 10-307] analyzing entity Slow_Clk
INFO: [USF-XSim-69] 'compile' step finished in '1' seconds
INFO: [USF-XSim-3] XSim::Elaborate design
INFO: [USF-XSim-61] Executing 'ELABORATE' step in 'C:/Users/User/Desktop/Vivado/Lab6/Lab6.sim/sim_1/behav/xsim'
Vivado Simulator 2018.2
Copyright 1986-1999, 2001-2018 Xilinx, Inc. All Rights Reserved.
Running: C:/Xilinx/Vivado/2018.2/bin/unwrapped/win64.o/xelab.exe -wto cf777509a1714325a1bf43955d0452ba --incr --debug typical --relax --mt 2 -L xil_defaultlib -L secureip --snapshot AU_Sim_behav xil_defaultlib.AU_Sim -log elaborate.log 
Using 2 slave threads.
Starting static elaboration
Completed static elaboration
Starting simulation data flow analysis
Completed simulation data flow analysis
Time Resolution for simulation is 1ps
Compiling package std.standard
Compiling package std.textio
Compiling package ieee.std_logic_1164
Compiling architecture behavioral of entity xil_defaultlib.Slow_Clk [slow_clk_default]
Compiling architecture behavioral of entity xil_defaultlib.Reg [reg_default]
Compiling architecture behavioral of entity xil_defaultlib.HA [ha_default]
Compiling architecture behavioral of entity xil_defaultlib.FA [fa_default]
Compiling architecture behavioral of entity xil_defaultlib.RCA_4 [rca_4_default]
Compiling architecture behavioral of entity xil_defaultlib.AU [au_default]
Compiling architecture behavioral of entity xil_defaultlib.au_sim
Built simulation snapshot AU_Sim_behav
INFO: [USF-XSim-69] 'elaborate' step finished in '1' seconds
INFO: [USF-XSim-4] XSim::Simulate design
INFO: [USF-XSim-61] Executing 'SIMULATE' step in 'C:/Users/User/Desktop/Vivado/Lab6/Lab6.sim/sim_1/behav/xsim'
INFO: [USF-XSim-98] *** Running xsim
   with args "AU_Sim_behav -key {Behavioral:sim_1:Functional:AU_Sim} -tclbatch {AU_Sim.tcl} -view {C:/Users/User/Desktop/Vivado/Lab6/AU_Sim_behav.wcfg} -log {simulate.log}"
INFO: [USF-XSim-8] Loading simulator feature
Vivado Simulator 2018.2
Time resolution is 1 ps
open_wave_config C:/Users/User/Desktop/Vivado/Lab6/AU_Sim_behav.wcfg
source AU_Sim.tcl
# set curr_wave [current_wave_config]
# if { [string length $curr_wave] == 0 } {
#   if { [llength [get_objects]] > 0} {
#     add_wave /
#     set_property needs_save false [current_wave_config]
#   } else {
#      send_msg_id Add_Wave-1 WARNING "No top level signals found. Simulator will start without a wave window. If you want to open a wave window go to 'File->New Waveform Configuration' or type 'create_wave_config' in the TCL console."
#   }
# }
# run 1000ns
INFO: [USF-XSim-96] XSim completed. Design snapshot 'AU_Sim_behav' loaded.
INFO: [USF-XSim-97] XSim simulation ran for 1000ns
close_sim
INFO: [Simtcl 6-16] Simulation closed
launch_simulation
INFO: [Vivado 12-5682] Launching behavioral simulation in 'C:/Users/User/Desktop/Vivado/Lab6/Lab6.sim/sim_1/behav/xsim'
INFO: [SIM-utils-51] Simulation object is 'sim_1'
INFO: [SIM-utils-54] Inspecting design source files for 'AU_Sim' in fileset 'sim_1'...
INFO: [USF-XSim-97] Finding global include files...
INFO: [USF-XSim-98] Fetching design files from 'sim_1'...
INFO: [USF-XSim-2] XSim::Compile design
INFO: [USF-XSim-61] Executing 'COMPILE and ANALYZE' step in 'C:/Users/User/Desktop/Vivado/Lab6/Lab6.sim/sim_1/behav/xsim'
"xvhdl --incr --relax -prj AU_Sim_vhdl.prj"
INFO: [VRFC 10-163] Analyzing VHDL file "C:/Users/User/Desktop/Vivado/Lab6/Lab6.srcs/sources_1/new/AU.vhd" into library xil_defaultlib
INFO: [VRFC 10-307] analyzing entity AU
INFO: [VRFC 10-163] Analyzing VHDL file "C:/Users/User/Desktop/Vivado/Lab6/Lab6.srcs/sources_1/imports/new/Slow_Clk.vhd" into library xil_defaultlib
INFO: [VRFC 10-307] analyzing entity Slow_Clk
INFO: [USF-XSim-69] 'compile' step finished in '1' seconds
INFO: [USF-XSim-3] XSim::Elaborate design
INFO: [USF-XSim-61] Executing 'ELABORATE' step in 'C:/Users/User/Desktop/Vivado/Lab6/Lab6.sim/sim_1/behav/xsim'
Vivado Simulator 2018.2
Copyright 1986-1999, 2001-2018 Xilinx, Inc. All Rights Reserved.
Running: C:/Xilinx/Vivado/2018.2/bin/unwrapped/win64.o/xelab.exe -wto cf777509a1714325a1bf43955d0452ba --incr --debug typical --relax --mt 2 -L xil_defaultlib -L secureip --snapshot AU_Sim_behav xil_defaultlib.AU_Sim -log elaborate.log 
Using 2 slave threads.
Starting static elaboration
Completed static elaboration
Starting simulation data flow analysis
Completed simulation data flow analysis
Time Resolution for simulation is 1ps
Compiling package std.standard
Compiling package std.textio
Compiling package ieee.std_logic_1164
Compiling architecture behavioral of entity xil_defaultlib.Slow_Clk [slow_clk_default]
Compiling architecture behavioral of entity xil_defaultlib.Reg [reg_default]
Compiling architecture behavioral of entity xil_defaultlib.HA [ha_default]
Compiling architecture behavioral of entity xil_defaultlib.FA [fa_default]
Compiling architecture behavioral of entity xil_defaultlib.RCA_4 [rca_4_default]
Compiling architecture behavioral of entity xil_defaultlib.AU [au_default]
Compiling architecture behavioral of entity xil_defaultlib.au_sim
Built simulation snapshot AU_Sim_behav
INFO: [USF-XSim-69] 'elaborate' step finished in '1' seconds
INFO: [USF-XSim-4] XSim::Simulate design
INFO: [USF-XSim-61] Executing 'SIMULATE' step in 'C:/Users/User/Desktop/Vivado/Lab6/Lab6.sim/sim_1/behav/xsim'
INFO: [USF-XSim-98] *** Running xsim
   with args "AU_Sim_behav -key {Behavioral:sim_1:Functional:AU_Sim} -tclbatch {AU_Sim.tcl} -view {C:/Users/User/Desktop/Vivado/Lab6/AU_Sim_behav.wcfg} -log {simulate.log}"
INFO: [USF-XSim-8] Loading simulator feature
Vivado Simulator 2018.2
Time resolution is 1 ps
open_wave_config C:/Users/User/Desktop/Vivado/Lab6/AU_Sim_behav.wcfg
source AU_Sim.tcl
# set curr_wave [current_wave_config]
# if { [string length $curr_wave] == 0 } {
#   if { [llength [get_objects]] > 0} {
#     add_wave /
#     set_property needs_save false [current_wave_config]
#   } else {
#      send_msg_id Add_Wave-1 WARNING "No top level signals found. Simulator will start without a wave window. If you want to open a wave window go to 'File->New Waveform Configuration' or type 'create_wave_config' in the TCL console."
#   }
# }
# run 1000ns
INFO: [USF-XSim-96] XSim completed. Design snapshot 'AU_Sim_behav' loaded.
INFO: [USF-XSim-97] XSim simulation ran for 1000ns
close_sim
INFO: [Simtcl 6-16] Simulation closed
launch_simulation
INFO: [Vivado 12-5682] Launching behavioral simulation in 'C:/Users/User/Desktop/Vivado/Lab6/Lab6.sim/sim_1/behav/xsim'
INFO: [SIM-utils-51] Simulation object is 'sim_1'
INFO: [SIM-utils-54] Inspecting design source files for 'AU_Sim' in fileset 'sim_1'...
INFO: [USF-XSim-97] Finding global include files...
INFO: [USF-XSim-98] Fetching design files from 'sim_1'...
INFO: [USF-XSim-2] XSim::Compile design
INFO: [USF-XSim-61] Executing 'COMPILE and ANALYZE' step in 'C:/Users/User/Desktop/Vivado/Lab6/Lab6.sim/sim_1/behav/xsim'
"xvhdl --incr --relax -prj AU_Sim_vhdl.prj"
INFO: [VRFC 10-163] Analyzing VHDL file "C:/Users/User/Desktop/Vivado/Lab6/Lab6.srcs/sim_1/new/AU_Sim.vhd" into library xil_defaultlib
INFO: [VRFC 10-307] analyzing entity AU_Sim
INFO: [USF-XSim-69] 'compile' step finished in '1' seconds
INFO: [USF-XSim-3] XSim::Elaborate design
INFO: [USF-XSim-61] Executing 'ELABORATE' step in 'C:/Users/User/Desktop/Vivado/Lab6/Lab6.sim/sim_1/behav/xsim'
Vivado Simulator 2018.2
Copyright 1986-1999, 2001-2018 Xilinx, Inc. All Rights Reserved.
Running: C:/Xilinx/Vivado/2018.2/bin/unwrapped/win64.o/xelab.exe -wto cf777509a1714325a1bf43955d0452ba --incr --debug typical --relax --mt 2 -L xil_defaultlib -L secureip --snapshot AU_Sim_behav xil_defaultlib.AU_Sim -log elaborate.log 
Using 2 slave threads.
Starting static elaboration
Completed static elaboration
Starting simulation data flow analysis
Completed simulation data flow analysis
Time Resolution for simulation is 1ps
Compiling package std.standard
Compiling package std.textio
Compiling package ieee.std_logic_1164
Compiling architecture behavioral of entity xil_defaultlib.Slow_Clk [slow_clk_default]
Compiling architecture behavioral of entity xil_defaultlib.Reg [reg_default]
Compiling architecture behavioral of entity xil_defaultlib.HA [ha_default]
Compiling architecture behavioral of entity xil_defaultlib.FA [fa_default]
Compiling architecture behavioral of entity xil_defaultlib.RCA_4 [rca_4_default]
Compiling architecture behavioral of entity xil_defaultlib.AU [au_default]
Compiling architecture behavioral of entity xil_defaultlib.au_sim
Built simulation snapshot AU_Sim_behav
INFO: [USF-XSim-69] 'elaborate' step finished in '1' seconds
INFO: [USF-XSim-4] XSim::Simulate design
INFO: [USF-XSim-61] Executing 'SIMULATE' step in 'C:/Users/User/Desktop/Vivado/Lab6/Lab6.sim/sim_1/behav/xsim'
INFO: [USF-XSim-98] *** Running xsim
   with args "AU_Sim_behav -key {Behavioral:sim_1:Functional:AU_Sim} -tclbatch {AU_Sim.tcl} -view {C:/Users/User/Desktop/Vivado/Lab6/AU_Sim_behav.wcfg} -log {simulate.log}"
INFO: [USF-XSim-8] Loading simulator feature
Vivado Simulator 2018.2
Time resolution is 1 ps
open_wave_config C:/Users/User/Desktop/Vivado/Lab6/AU_Sim_behav.wcfg
source AU_Sim.tcl
# set curr_wave [current_wave_config]
# if { [string length $curr_wave] == 0 } {
#   if { [llength [get_objects]] > 0} {
#     add_wave /
#     set_property needs_save false [current_wave_config]
#   } else {
#      send_msg_id Add_Wave-1 WARNING "No top level signals found. Simulator will start without a wave window. If you want to open a wave window go to 'File->New Waveform Configuration' or type 'create_wave_config' in the TCL console."
#   }
# }
# run 1000ns
INFO: [USF-XSim-96] XSim completed. Design snapshot 'AU_Sim_behav' loaded.
INFO: [USF-XSim-97] XSim simulation ran for 1000ns
close_sim
INFO: [Simtcl 6-16] Simulation closed
launch_simulation
INFO: [Vivado 12-5682] Launching behavioral simulation in 'C:/Users/User/Desktop/Vivado/Lab6/Lab6.sim/sim_1/behav/xsim'
INFO: [SIM-utils-51] Simulation object is 'sim_1'
INFO: [SIM-utils-54] Inspecting design source files for 'AU_Sim' in fileset 'sim_1'...
INFO: [USF-XSim-97] Finding global include files...
INFO: [USF-XSim-98] Fetching design files from 'sim_1'...
INFO: [USF-XSim-2] XSim::Compile design
INFO: [USF-XSim-61] Executing 'COMPILE and ANALYZE' step in 'C:/Users/User/Desktop/Vivado/Lab6/Lab6.sim/sim_1/behav/xsim'
"xvhdl --incr --relax -prj AU_Sim_vhdl.prj"
INFO: [VRFC 10-163] Analyzing VHDL file "C:/Users/User/Desktop/Vivado/Lab6/Lab6.srcs/sources_1/new/Reg.vhd" into library xil_defaultlib
INFO: [VRFC 10-307] analyzing entity Reg
INFO: [USF-XSim-69] 'compile' step finished in '1' seconds
INFO: [USF-XSim-3] XSim::Elaborate design
INFO: [USF-XSim-61] Executing 'ELABORATE' step in 'C:/Users/User/Desktop/Vivado/Lab6/Lab6.sim/sim_1/behav/xsim'
Vivado Simulator 2018.2
Copyright 1986-1999, 2001-2018 Xilinx, Inc. All Rights Reserved.
Running: C:/Xilinx/Vivado/2018.2/bin/unwrapped/win64.o/xelab.exe -wto cf777509a1714325a1bf43955d0452ba --incr --debug typical --relax --mt 2 -L xil_defaultlib -L secureip --snapshot AU_Sim_behav xil_defaultlib.AU_Sim -log elaborate.log 
Using 2 slave threads.
Starting static elaboration
Completed static elaboration
Starting simulation data flow analysis
Completed simulation data flow analysis
Time Resolution for simulation is 1ps
Compiling package std.standard
Compiling package std.textio
Compiling package ieee.std_logic_1164
Compiling architecture behavioral of entity xil_defaultlib.Slow_Clk [slow_clk_default]
Compiling architecture behavioral of entity xil_defaultlib.Reg [reg_default]
Compiling architecture behavioral of entity xil_defaultlib.HA [ha_default]
Compiling architecture behavioral of entity xil_defaultlib.FA [fa_default]
Compiling architecture behavioral of entity xil_defaultlib.RCA_4 [rca_4_default]
Compiling architecture behavioral of entity xil_defaultlib.AU [au_default]
Compiling architecture behavioral of entity xil_defaultlib.au_sim
Built simulation snapshot AU_Sim_behav
INFO: [USF-XSim-69] 'elaborate' step finished in '1' seconds
INFO: [USF-XSim-4] XSim::Simulate design
INFO: [USF-XSim-61] Executing 'SIMULATE' step in 'C:/Users/User/Desktop/Vivado/Lab6/Lab6.sim/sim_1/behav/xsim'
INFO: [USF-XSim-98] *** Running xsim
   with args "AU_Sim_behav -key {Behavioral:sim_1:Functional:AU_Sim} -tclbatch {AU_Sim.tcl} -view {C:/Users/User/Desktop/Vivado/Lab6/AU_Sim_behav.wcfg} -log {simulate.log}"
INFO: [USF-XSim-8] Loading simulator feature
Vivado Simulator 2018.2
Time resolution is 1 ps
open_wave_config C:/Users/User/Desktop/Vivado/Lab6/AU_Sim_behav.wcfg
source AU_Sim.tcl
# set curr_wave [current_wave_config]
# if { [string length $curr_wave] == 0 } {
#   if { [llength [get_objects]] > 0} {
#     add_wave /
#     set_property needs_save false [current_wave_config]
#   } else {
#      send_msg_id Add_Wave-1 WARNING "No top level signals found. Simulator will start without a wave window. If you want to open a wave window go to 'File->New Waveform Configuration' or type 'create_wave_config' in the TCL console."
#   }
# }
# run 1000ns
INFO: [USF-XSim-96] XSim completed. Design snapshot 'AU_Sim_behav' loaded.
INFO: [USF-XSim-97] XSim simulation ran for 1000ns
close_sim
INFO: [Simtcl 6-16] Simulation closed
launch_simulation
INFO: [Vivado 12-5682] Launching behavioral simulation in 'C:/Users/User/Desktop/Vivado/Lab6/Lab6.sim/sim_1/behav/xsim'
INFO: [SIM-utils-51] Simulation object is 'sim_1'
INFO: [SIM-utils-54] Inspecting design source files for 'AU_Sim' in fileset 'sim_1'...
INFO: [USF-XSim-97] Finding global include files...
INFO: [USF-XSim-98] Fetching design files from 'sim_1'...
INFO: [USF-XSim-2] XSim::Compile design
INFO: [USF-XSim-61] Executing 'COMPILE and ANALYZE' step in 'C:/Users/User/Desktop/Vivado/Lab6/Lab6.sim/sim_1/behav/xsim'
"xvhdl --incr --relax -prj AU_Sim_vhdl.prj"
INFO: [VRFC 10-163] Analyzing VHDL file "C:/Users/User/Desktop/Vivado/Lab6/Lab6.srcs/sources_1/imports/new/Slow_Clk.vhd" into library xil_defaultlib
INFO: [VRFC 10-307] analyzing entity Slow_Clk
INFO: [USF-XSim-69] 'compile' step finished in '1' seconds
INFO: [USF-XSim-3] XSim::Elaborate design
INFO: [USF-XSim-61] Executing 'ELABORATE' step in 'C:/Users/User/Desktop/Vivado/Lab6/Lab6.sim/sim_1/behav/xsim'
Vivado Simulator 2018.2
Copyright 1986-1999, 2001-2018 Xilinx, Inc. All Rights Reserved.
Running: C:/Xilinx/Vivado/2018.2/bin/unwrapped/win64.o/xelab.exe -wto cf777509a1714325a1bf43955d0452ba --incr --debug typical --relax --mt 2 -L xil_defaultlib -L secureip --snapshot AU_Sim_behav xil_defaultlib.AU_Sim -log elaborate.log 
Using 2 slave threads.
Starting static elaboration
Completed static elaboration
Starting simulation data flow analysis
Completed simulation data flow analysis
Time Resolution for simulation is 1ps
Compiling package std.standard
Compiling package std.textio
Compiling package ieee.std_logic_1164
Compiling architecture behavioral of entity xil_defaultlib.Slow_Clk [slow_clk_default]
Compiling architecture behavioral of entity xil_defaultlib.Reg [reg_default]
Compiling architecture behavioral of entity xil_defaultlib.HA [ha_default]
Compiling architecture behavioral of entity xil_defaultlib.FA [fa_default]
Compiling architecture behavioral of entity xil_defaultlib.RCA_4 [rca_4_default]
Compiling architecture behavioral of entity xil_defaultlib.AU [au_default]
Compiling architecture behavioral of entity xil_defaultlib.au_sim
Built simulation snapshot AU_Sim_behav
INFO: [USF-XSim-69] 'elaborate' step finished in '1' seconds
INFO: [USF-XSim-4] XSim::Simulate design
INFO: [USF-XSim-61] Executing 'SIMULATE' step in 'C:/Users/User/Desktop/Vivado/Lab6/Lab6.sim/sim_1/behav/xsim'
INFO: [USF-XSim-98] *** Running xsim
   with args "AU_Sim_behav -key {Behavioral:sim_1:Functional:AU_Sim} -tclbatch {AU_Sim.tcl} -view {C:/Users/User/Desktop/Vivado/Lab6/AU_Sim_behav.wcfg} -log {simulate.log}"
INFO: [USF-XSim-8] Loading simulator feature
Vivado Simulator 2018.2
Time resolution is 1 ps
open_wave_config C:/Users/User/Desktop/Vivado/Lab6/AU_Sim_behav.wcfg
source AU_Sim.tcl
# set curr_wave [current_wave_config]
# if { [string length $curr_wave] == 0 } {
#   if { [llength [get_objects]] > 0} {
#     add_wave /
#     set_property needs_save false [current_wave_config]
#   } else {
#      send_msg_id Add_Wave-1 WARNING "No top level signals found. Simulator will start without a wave window. If you want to open a wave window go to 'File->New Waveform Configuration' or type 'create_wave_config' in the TCL console."
#   }
# }
# run 1000ns
INFO: [USF-XSim-96] XSim completed. Design snapshot 'AU_Sim_behav' loaded.
INFO: [USF-XSim-97] XSim simulation ran for 1000ns
close_sim
INFO: [Simtcl 6-16] Simulation closed
launch_simulation
INFO: [Vivado 12-5682] Launching behavioral simulation in 'C:/Users/User/Desktop/Vivado/Lab6/Lab6.sim/sim_1/behav/xsim'
INFO: [SIM-utils-51] Simulation object is 'sim_1'
INFO: [SIM-utils-54] Inspecting design source files for 'AU_Sim' in fileset 'sim_1'...
INFO: [USF-XSim-97] Finding global include files...
INFO: [USF-XSim-98] Fetching design files from 'sim_1'...
INFO: [USF-XSim-2] XSim::Compile design
INFO: [USF-XSim-61] Executing 'COMPILE and ANALYZE' step in 'C:/Users/User/Desktop/Vivado/Lab6/Lab6.sim/sim_1/behav/xsim'
"xvhdl --incr --relax -prj AU_Sim_vhdl.prj"
INFO: [VRFC 10-163] Analyzing VHDL file "C:/Users/User/Desktop/Vivado/Lab6/Lab6.srcs/sources_1/imports/new/Slow_Clk.vhd" into library xil_defaultlib
INFO: [VRFC 10-307] analyzing entity Slow_Clk
INFO: [VRFC 10-163] Analyzing VHDL file "C:/Users/User/Desktop/Vivado/Lab6/Lab6.srcs/sim_1/new/AU_Sim.vhd" into library xil_defaultlib
INFO: [VRFC 10-307] analyzing entity AU_Sim
INFO: [USF-XSim-69] 'compile' step finished in '1' seconds
INFO: [USF-XSim-3] XSim::Elaborate design
INFO: [USF-XSim-61] Executing 'ELABORATE' step in 'C:/Users/User/Desktop/Vivado/Lab6/Lab6.sim/sim_1/behav/xsim'
Vivado Simulator 2018.2
Copyright 1986-1999, 2001-2018 Xilinx, Inc. All Rights Reserved.
Running: C:/Xilinx/Vivado/2018.2/bin/unwrapped/win64.o/xelab.exe -wto cf777509a1714325a1bf43955d0452ba --incr --debug typical --relax --mt 2 -L xil_defaultlib -L secureip --snapshot AU_Sim_behav xil_defaultlib.AU_Sim -log elaborate.log 
Using 2 slave threads.
Starting static elaboration
Completed static elaboration
Starting simulation data flow analysis
Completed simulation data flow analysis
Time Resolution for simulation is 1ps
Compiling package std.standard
Compiling package std.textio
Compiling package ieee.std_logic_1164
Compiling architecture behavioral of entity xil_defaultlib.Slow_Clk [slow_clk_default]
Compiling architecture behavioral of entity xil_defaultlib.Reg [reg_default]
Compiling architecture behavioral of entity xil_defaultlib.HA [ha_default]
Compiling architecture behavioral of entity xil_defaultlib.FA [fa_default]
Compiling architecture behavioral of entity xil_defaultlib.RCA_4 [rca_4_default]
Compiling architecture behavioral of entity xil_defaultlib.AU [au_default]
Compiling architecture behavioral of entity xil_defaultlib.au_sim
Built simulation snapshot AU_Sim_behav
INFO: [USF-XSim-69] 'elaborate' step finished in '1' seconds
INFO: [USF-XSim-4] XSim::Simulate design
INFO: [USF-XSim-61] Executing 'SIMULATE' step in 'C:/Users/User/Desktop/Vivado/Lab6/Lab6.sim/sim_1/behav/xsim'
INFO: [USF-XSim-98] *** Running xsim
   with args "AU_Sim_behav -key {Behavioral:sim_1:Functional:AU_Sim} -tclbatch {AU_Sim.tcl} -view {C:/Users/User/Desktop/Vivado/Lab6/AU_Sim_behav.wcfg} -log {simulate.log}"
INFO: [USF-XSim-8] Loading simulator feature
Vivado Simulator 2018.2
Time resolution is 1 ps
open_wave_config C:/Users/User/Desktop/Vivado/Lab6/AU_Sim_behav.wcfg
source AU_Sim.tcl
# set curr_wave [current_wave_config]
# if { [string length $curr_wave] == 0 } {
#   if { [llength [get_objects]] > 0} {
#     add_wave /
#     set_property needs_save false [current_wave_config]
#   } else {
#      send_msg_id Add_Wave-1 WARNING "No top level signals found. Simulator will start without a wave window. If you want to open a wave window go to 'File->New Waveform Configuration' or type 'create_wave_config' in the TCL console."
#   }
# }
# run 1000ns
INFO: [USF-XSim-96] XSim completed. Design snapshot 'AU_Sim_behav' loaded.
INFO: [USF-XSim-97] XSim simulation ran for 1000ns
export_ip_user_files -of_objects  [get_files C:/Users/User/Desktop/Vivado/Lab6/AU_Sim_behav.wcfg] -no_script -reset -force -quiet
remove_files  -fileset sim_1 C:/Users/User/Desktop/Vivado/Lab6/AU_Sim_behav.wcfg
close_sim
INFO: [Simtcl 6-16] Simulation closed
launch_simulation
INFO: [Vivado 12-5682] Launching behavioral simulation in 'C:/Users/User/Desktop/Vivado/Lab6/Lab6.sim/sim_1/behav/xsim'
INFO: [SIM-utils-51] Simulation object is 'sim_1'
INFO: [SIM-utils-54] Inspecting design source files for 'AU_Sim' in fileset 'sim_1'...
INFO: [USF-XSim-97] Finding global include files...
INFO: [USF-XSim-98] Fetching design files from 'sim_1'...
INFO: [USF-XSim-2] XSim::Compile design
INFO: [USF-XSim-61] Executing 'COMPILE and ANALYZE' step in 'C:/Users/User/Desktop/Vivado/Lab6/Lab6.sim/sim_1/behav/xsim'
"xvhdl --incr --relax -prj AU_Sim_vhdl.prj"
INFO: [VRFC 10-163] Analyzing VHDL file "C:/Users/User/Desktop/Vivado/Lab6/Lab6.srcs/sim_1/new/AU_Sim.vhd" into library xil_defaultlib
INFO: [VRFC 10-307] analyzing entity AU_Sim
INFO: [USF-XSim-69] 'compile' step finished in '1' seconds
INFO: [USF-XSim-3] XSim::Elaborate design
INFO: [USF-XSim-61] Executing 'ELABORATE' step in 'C:/Users/User/Desktop/Vivado/Lab6/Lab6.sim/sim_1/behav/xsim'
Vivado Simulator 2018.2
Copyright 1986-1999, 2001-2018 Xilinx, Inc. All Rights Reserved.
Running: C:/Xilinx/Vivado/2018.2/bin/unwrapped/win64.o/xelab.exe -wto cf777509a1714325a1bf43955d0452ba --incr --debug typical --relax --mt 2 -L xil_defaultlib -L secureip --snapshot AU_Sim_behav xil_defaultlib.AU_Sim -log elaborate.log 
Using 2 slave threads.
Starting static elaboration
Completed static elaboration
Starting simulation data flow analysis
Completed simulation data flow analysis
Time Resolution for simulation is 1ps
Compiling package std.standard
Compiling package std.textio
Compiling package ieee.std_logic_1164
Compiling architecture behavioral of entity xil_defaultlib.Slow_Clk [slow_clk_default]
Compiling architecture behavioral of entity xil_defaultlib.Reg [reg_default]
Compiling architecture behavioral of entity xil_defaultlib.HA [ha_default]
Compiling architecture behavioral of entity xil_defaultlib.FA [fa_default]
Compiling architecture behavioral of entity xil_defaultlib.RCA_4 [rca_4_default]
Compiling architecture behavioral of entity xil_defaultlib.AU [au_default]
Compiling architecture behavioral of entity xil_defaultlib.au_sim
Built simulation snapshot AU_Sim_behav
INFO: [USF-XSim-69] 'elaborate' step finished in '1' seconds
INFO: [USF-XSim-4] XSim::Simulate design
INFO: [USF-XSim-61] Executing 'SIMULATE' step in 'C:/Users/User/Desktop/Vivado/Lab6/Lab6.sim/sim_1/behav/xsim'
INFO: [USF-XSim-98] *** Running xsim
   with args "AU_Sim_behav -key {Behavioral:sim_1:Functional:AU_Sim} -tclbatch {AU_Sim.tcl} -log {simulate.log}"
INFO: [USF-XSim-8] Loading simulator feature
Vivado Simulator 2018.2
Time resolution is 1 ps
source AU_Sim.tcl
# set curr_wave [current_wave_config]
# if { [string length $curr_wave] == 0 } {
#   if { [llength [get_objects]] > 0} {
#     add_wave /
#     set_property needs_save false [current_wave_config]
#   } else {
#      send_msg_id Add_Wave-1 WARNING "No top level signals found. Simulator will start without a wave window. If you want to open a wave window go to 'File->New Waveform Configuration' or type 'create_wave_config' in the TCL console."
#   }
# }
# run 1000ns
INFO: [USF-XSim-96] XSim completed. Design snapshot 'AU_Sim_behav' loaded.
INFO: [USF-XSim-97] XSim simulation ran for 1000ns
close_sim
INFO: [Simtcl 6-16] Simulation closed
launch_simulation
INFO: [Vivado 12-5682] Launching behavioral simulation in 'C:/Users/User/Desktop/Vivado/Lab6/Lab6.sim/sim_1/behav/xsim'
INFO: [SIM-utils-51] Simulation object is 'sim_1'
INFO: [SIM-utils-54] Inspecting design source files for 'AU_Sim' in fileset 'sim_1'...
INFO: [USF-XSim-97] Finding global include files...
INFO: [USF-XSim-98] Fetching design files from 'sim_1'...
INFO: [USF-XSim-2] XSim::Compile design
INFO: [USF-XSim-61] Executing 'COMPILE and ANALYZE' step in 'C:/Users/User/Desktop/Vivado/Lab6/Lab6.sim/sim_1/behav/xsim'
"xvhdl --incr --relax -prj AU_Sim_vhdl.prj"
INFO: [VRFC 10-163] Analyzing VHDL file "C:/Users/User/Desktop/Vivado/Lab6/Lab6.srcs/sim_1/new/AU_Sim.vhd" into library xil_defaultlib
INFO: [VRFC 10-307] analyzing entity AU_Sim
INFO: [USF-XSim-69] 'compile' step finished in '1' seconds
INFO: [USF-XSim-3] XSim::Elaborate design
INFO: [USF-XSim-61] Executing 'ELABORATE' step in 'C:/Users/User/Desktop/Vivado/Lab6/Lab6.sim/sim_1/behav/xsim'
Vivado Simulator 2018.2
Copyright 1986-1999, 2001-2018 Xilinx, Inc. All Rights Reserved.
Running: C:/Xilinx/Vivado/2018.2/bin/unwrapped/win64.o/xelab.exe -wto cf777509a1714325a1bf43955d0452ba --incr --debug typical --relax --mt 2 -L xil_defaultlib -L secureip --snapshot AU_Sim_behav xil_defaultlib.AU_Sim -log elaborate.log 
Using 2 slave threads.
Starting static elaboration
Completed static elaboration
Starting simulation data flow analysis
Completed simulation data flow analysis
Time Resolution for simulation is 1ps
Compiling package std.standard
Compiling package std.textio
Compiling package ieee.std_logic_1164
Compiling architecture behavioral of entity xil_defaultlib.Slow_Clk [slow_clk_default]
Compiling architecture behavioral of entity xil_defaultlib.Reg [reg_default]
Compiling architecture behavioral of entity xil_defaultlib.HA [ha_default]
Compiling architecture behavioral of entity xil_defaultlib.FA [fa_default]
Compiling architecture behavioral of entity xil_defaultlib.RCA_4 [rca_4_default]
Compiling architecture behavioral of entity xil_defaultlib.AU [au_default]
Compiling architecture behavioral of entity xil_defaultlib.au_sim
Built simulation snapshot AU_Sim_behav
INFO: [USF-XSim-69] 'elaborate' step finished in '1' seconds
INFO: [USF-XSim-4] XSim::Simulate design
INFO: [USF-XSim-61] Executing 'SIMULATE' step in 'C:/Users/User/Desktop/Vivado/Lab6/Lab6.sim/sim_1/behav/xsim'
INFO: [USF-XSim-98] *** Running xsim
   with args "AU_Sim_behav -key {Behavioral:sim_1:Functional:AU_Sim} -tclbatch {AU_Sim.tcl} -log {simulate.log}"
INFO: [USF-XSim-8] Loading simulator feature
Vivado Simulator 2018.2
Time resolution is 1 ps
source AU_Sim.tcl
# set curr_wave [current_wave_config]
# if { [string length $curr_wave] == 0 } {
#   if { [llength [get_objects]] > 0} {
#     add_wave /
#     set_property needs_save false [current_wave_config]
#   } else {
#      send_msg_id Add_Wave-1 WARNING "No top level signals found. Simulator will start without a wave window. If you want to open a wave window go to 'File->New Waveform Configuration' or type 'create_wave_config' in the TCL console."
#   }
# }
# run 1000ns
INFO: [USF-XSim-96] XSim completed. Design snapshot 'AU_Sim_behav' loaded.
INFO: [USF-XSim-97] XSim simulation ran for 1000ns
close_sim
INFO: [Simtcl 6-16] Simulation closed
launch_simulation
INFO: [Vivado 12-5682] Launching behavioral simulation in 'C:/Users/User/Desktop/Vivado/Lab6/Lab6.sim/sim_1/behav/xsim'
INFO: [SIM-utils-51] Simulation object is 'sim_1'
INFO: [SIM-utils-54] Inspecting design source files for 'AU_Sim' in fileset 'sim_1'...
INFO: [USF-XSim-97] Finding global include files...
INFO: [USF-XSim-98] Fetching design files from 'sim_1'...
INFO: [USF-XSim-2] XSim::Compile design
INFO: [USF-XSim-61] Executing 'COMPILE and ANALYZE' step in 'C:/Users/User/Desktop/Vivado/Lab6/Lab6.sim/sim_1/behav/xsim'
"xvhdl --incr --relax -prj AU_Sim_vhdl.prj"
INFO: [VRFC 10-163] Analyzing VHDL file "C:/Users/User/Desktop/Vivado/Lab6/Lab6.srcs/sim_1/new/AU_Sim.vhd" into library xil_defaultlib
INFO: [VRFC 10-307] analyzing entity AU_Sim
INFO: [USF-XSim-69] 'compile' step finished in '1' seconds
INFO: [USF-XSim-3] XSim::Elaborate design
INFO: [USF-XSim-61] Executing 'ELABORATE' step in 'C:/Users/User/Desktop/Vivado/Lab6/Lab6.sim/sim_1/behav/xsim'
Vivado Simulator 2018.2
Copyright 1986-1999, 2001-2018 Xilinx, Inc. All Rights Reserved.
Running: C:/Xilinx/Vivado/2018.2/bin/unwrapped/win64.o/xelab.exe -wto cf777509a1714325a1bf43955d0452ba --incr --debug typical --relax --mt 2 -L xil_defaultlib -L secureip --snapshot AU_Sim_behav xil_defaultlib.AU_Sim -log elaborate.log 
Using 2 slave threads.
Starting static elaboration
Completed static elaboration
Starting simulation data flow analysis
Completed simulation data flow analysis
Time Resolution for simulation is 1ps
Compiling package std.standard
Compiling package std.textio
Compiling package ieee.std_logic_1164
Compiling architecture behavioral of entity xil_defaultlib.Slow_Clk [slow_clk_default]
Compiling architecture behavioral of entity xil_defaultlib.Reg [reg_default]
Compiling architecture behavioral of entity xil_defaultlib.HA [ha_default]
Compiling architecture behavioral of entity xil_defaultlib.FA [fa_default]
Compiling architecture behavioral of entity xil_defaultlib.RCA_4 [rca_4_default]
Compiling architecture behavioral of entity xil_defaultlib.AU [au_default]
Compiling architecture behavioral of entity xil_defaultlib.au_sim
Built simulation snapshot AU_Sim_behav
INFO: [USF-XSim-69] 'elaborate' step finished in '3' seconds
INFO: [USF-XSim-4] XSim::Simulate design
INFO: [USF-XSim-61] Executing 'SIMULATE' step in 'C:/Users/User/Desktop/Vivado/Lab6/Lab6.sim/sim_1/behav/xsim'
INFO: [USF-XSim-98] *** Running xsim
   with args "AU_Sim_behav -key {Behavioral:sim_1:Functional:AU_Sim} -tclbatch {AU_Sim.tcl} -log {simulate.log}"
INFO: [USF-XSim-8] Loading simulator feature
Vivado Simulator 2018.2
Time resolution is 1 ps
source AU_Sim.tcl
# set curr_wave [current_wave_config]
# if { [string length $curr_wave] == 0 } {
#   if { [llength [get_objects]] > 0} {
#     add_wave /
#     set_property needs_save false [current_wave_config]
#   } else {
#      send_msg_id Add_Wave-1 WARNING "No top level signals found. Simulator will start without a wave window. If you want to open a wave window go to 'File->New Waveform Configuration' or type 'create_wave_config' in the TCL console."
#   }
# }
# run 1000ns
INFO: [USF-XSim-96] XSim completed. Design snapshot 'AU_Sim_behav' loaded.
INFO: [USF-XSim-97] XSim simulation ran for 1000ns
launch_simulation: Time (s): cpu = 00:00:03 ; elapsed = 00:00:07 . Memory (MB): peak = 889.984 ; gain = 0.000
close_sim
INFO: [Simtcl 6-16] Simulation closed
launch_simulation
INFO: [Vivado 12-5682] Launching behavioral simulation in 'C:/Users/User/Desktop/Vivado/Lab6/Lab6.sim/sim_1/behav/xsim'
INFO: [SIM-utils-51] Simulation object is 'sim_1'
INFO: [SIM-utils-54] Inspecting design source files for 'AU_Sim' in fileset 'sim_1'...
INFO: [USF-XSim-97] Finding global include files...
INFO: [USF-XSim-98] Fetching design files from 'sim_1'...
INFO: [USF-XSim-2] XSim::Compile design
INFO: [USF-XSim-61] Executing 'COMPILE and ANALYZE' step in 'C:/Users/User/Desktop/Vivado/Lab6/Lab6.sim/sim_1/behav/xsim'
"xvhdl --incr --relax -prj AU_Sim_vhdl.prj"
INFO: [VRFC 10-163] Analyzing VHDL file "C:/Users/User/Desktop/Vivado/Lab6/Lab6.srcs/sim_1/new/AU_Sim.vhd" into library xil_defaultlib
INFO: [VRFC 10-307] analyzing entity AU_Sim
INFO: [USF-XSim-69] 'compile' step finished in '1' seconds
INFO: [USF-XSim-3] XSim::Elaborate design
INFO: [USF-XSim-61] Executing 'ELABORATE' step in 'C:/Users/User/Desktop/Vivado/Lab6/Lab6.sim/sim_1/behav/xsim'
Vivado Simulator 2018.2
Copyright 1986-1999, 2001-2018 Xilinx, Inc. All Rights Reserved.
Running: C:/Xilinx/Vivado/2018.2/bin/unwrapped/win64.o/xelab.exe -wto cf777509a1714325a1bf43955d0452ba --incr --debug typical --relax --mt 2 -L xil_defaultlib -L secureip --snapshot AU_Sim_behav xil_defaultlib.AU_Sim -log elaborate.log 
Using 2 slave threads.
Starting static elaboration
Completed static elaboration
Starting simulation data flow analysis
Completed simulation data flow analysis
Time Resolution for simulation is 1ps
Compiling package std.standard
Compiling package std.textio
Compiling package ieee.std_logic_1164
Compiling architecture behavioral of entity xil_defaultlib.Slow_Clk [slow_clk_default]
Compiling architecture behavioral of entity xil_defaultlib.Reg [reg_default]
Compiling architecture behavioral of entity xil_defaultlib.HA [ha_default]
Compiling architecture behavioral of entity xil_defaultlib.FA [fa_default]
Compiling architecture behavioral of entity xil_defaultlib.RCA_4 [rca_4_default]
Compiling architecture behavioral of entity xil_defaultlib.AU [au_default]
Compiling architecture behavioral of entity xil_defaultlib.au_sim
Built simulation snapshot AU_Sim_behav
INFO: [USF-XSim-69] 'elaborate' step finished in '2' seconds
INFO: [USF-XSim-4] XSim::Simulate design
INFO: [USF-XSim-61] Executing 'SIMULATE' step in 'C:/Users/User/Desktop/Vivado/Lab6/Lab6.sim/sim_1/behav/xsim'
INFO: [USF-XSim-98] *** Running xsim
   with args "AU_Sim_behav -key {Behavioral:sim_1:Functional:AU_Sim} -tclbatch {AU_Sim.tcl} -log {simulate.log}"
INFO: [USF-XSim-8] Loading simulator feature
Vivado Simulator 2018.2
Time resolution is 1 ps
source AU_Sim.tcl
# set curr_wave [current_wave_config]
# if { [string length $curr_wave] == 0 } {
#   if { [llength [get_objects]] > 0} {
#     add_wave /
#     set_property needs_save false [current_wave_config]
#   } else {
#      send_msg_id Add_Wave-1 WARNING "No top level signals found. Simulator will start without a wave window. If you want to open a wave window go to 'File->New Waveform Configuration' or type 'create_wave_config' in the TCL console."
#   }
# }
# run 1000ns
INFO: [USF-XSim-96] XSim completed. Design snapshot 'AU_Sim_behav' loaded.
INFO: [USF-XSim-97] XSim simulation ran for 1000ns
launch_simulation: Time (s): cpu = 00:00:02 ; elapsed = 00:00:06 . Memory (MB): peak = 889.984 ; gain = 0.000
close_sim
INFO: [Simtcl 6-16] Simulation closed
launch_simulation
INFO: [Vivado 12-5682] Launching behavioral simulation in 'C:/Users/User/Desktop/Vivado/Lab6/Lab6.sim/sim_1/behav/xsim'
INFO: [SIM-utils-51] Simulation object is 'sim_1'
INFO: [SIM-utils-54] Inspecting design source files for 'AU_Sim' in fileset 'sim_1'...
INFO: [USF-XSim-97] Finding global include files...
INFO: [USF-XSim-98] Fetching design files from 'sim_1'...
INFO: [USF-XSim-2] XSim::Compile design
INFO: [USF-XSim-61] Executing 'COMPILE and ANALYZE' step in 'C:/Users/User/Desktop/Vivado/Lab6/Lab6.sim/sim_1/behav/xsim'
"xvhdl --incr --relax -prj AU_Sim_vhdl.prj"
INFO: [VRFC 10-163] Analyzing VHDL file "C:/Users/User/Desktop/Vivado/Lab6/Lab6.srcs/sim_1/new/AU_Sim.vhd" into library xil_defaultlib
INFO: [VRFC 10-307] analyzing entity AU_Sim
INFO: [USF-XSim-69] 'compile' step finished in '2' seconds
INFO: [USF-XSim-3] XSim::Elaborate design
INFO: [USF-XSim-61] Executing 'ELABORATE' step in 'C:/Users/User/Desktop/Vivado/Lab6/Lab6.sim/sim_1/behav/xsim'
Vivado Simulator 2018.2
Copyright 1986-1999, 2001-2018 Xilinx, Inc. All Rights Reserved.
Running: C:/Xilinx/Vivado/2018.2/bin/unwrapped/win64.o/xelab.exe -wto cf777509a1714325a1bf43955d0452ba --incr --debug typical --relax --mt 2 -L xil_defaultlib -L secureip --snapshot AU_Sim_behav xil_defaultlib.AU_Sim -log elaborate.log 
Using 2 slave threads.
Starting static elaboration
Completed static elaboration
Starting simulation data flow analysis
Completed simulation data flow analysis
Time Resolution for simulation is 1ps
Compiling package std.standard
Compiling package std.textio
Compiling package ieee.std_logic_1164
Compiling architecture behavioral of entity xil_defaultlib.Slow_Clk [slow_clk_default]
Compiling architecture behavioral of entity xil_defaultlib.Reg [reg_default]
Compiling architecture behavioral of entity xil_defaultlib.HA [ha_default]
Compiling architecture behavioral of entity xil_defaultlib.FA [fa_default]
Compiling architecture behavioral of entity xil_defaultlib.RCA_4 [rca_4_default]
Compiling architecture behavioral of entity xil_defaultlib.AU [au_default]
Compiling architecture behavioral of entity xil_defaultlib.au_sim
Built simulation snapshot AU_Sim_behav
INFO: [USF-XSim-69] 'elaborate' step finished in '2' seconds
INFO: [USF-XSim-4] XSim::Simulate design
INFO: [USF-XSim-61] Executing 'SIMULATE' step in 'C:/Users/User/Desktop/Vivado/Lab6/Lab6.sim/sim_1/behav/xsim'
INFO: [USF-XSim-98] *** Running xsim
   with args "AU_Sim_behav -key {Behavioral:sim_1:Functional:AU_Sim} -tclbatch {AU_Sim.tcl} -log {simulate.log}"
INFO: [USF-XSim-8] Loading simulator feature
Vivado Simulator 2018.2
Time resolution is 1 ps
source AU_Sim.tcl
# set curr_wave [current_wave_config]
# if { [string length $curr_wave] == 0 } {
#   if { [llength [get_objects]] > 0} {
#     add_wave /
#     set_property needs_save false [current_wave_config]
#   } else {
#      send_msg_id Add_Wave-1 WARNING "No top level signals found. Simulator will start without a wave window. If you want to open a wave window go to 'File->New Waveform Configuration' or type 'create_wave_config' in the TCL console."
#   }
# }
# run 1000ns
INFO: [USF-XSim-96] XSim completed. Design snapshot 'AU_Sim_behav' loaded.
INFO: [USF-XSim-97] XSim simulation ran for 1000ns
launch_simulation: Time (s): cpu = 00:00:02 ; elapsed = 00:00:06 . Memory (MB): peak = 889.984 ; gain = 0.000
close_sim
INFO: [Simtcl 6-16] Simulation closed
launch_simulation
INFO: [Vivado 12-5682] Launching behavioral simulation in 'C:/Users/User/Desktop/Vivado/Lab6/Lab6.sim/sim_1/behav/xsim'
INFO: [SIM-utils-51] Simulation object is 'sim_1'
INFO: [SIM-utils-54] Inspecting design source files for 'AU_Sim' in fileset 'sim_1'...
INFO: [USF-XSim-97] Finding global include files...
INFO: [USF-XSim-98] Fetching design files from 'sim_1'...
INFO: [USF-XSim-2] XSim::Compile design
INFO: [USF-XSim-61] Executing 'COMPILE and ANALYZE' step in 'C:/Users/User/Desktop/Vivado/Lab6/Lab6.sim/sim_1/behav/xsim'
"xvhdl --incr --relax -prj AU_Sim_vhdl.prj"
INFO: [VRFC 10-163] Analyzing VHDL file "C:/Users/User/Desktop/Vivado/Lab6/Lab6.srcs/sources_1/imports/new/Slow_Clk.vhd" into library xil_defaultlib
INFO: [VRFC 10-307] analyzing entity Slow_Clk
INFO: [USF-XSim-69] 'compile' step finished in '1' seconds
INFO: [USF-XSim-3] XSim::Elaborate design
INFO: [USF-XSim-61] Executing 'ELABORATE' step in 'C:/Users/User/Desktop/Vivado/Lab6/Lab6.sim/sim_1/behav/xsim'
Vivado Simulator 2018.2
Copyright 1986-1999, 2001-2018 Xilinx, Inc. All Rights Reserved.
Running: C:/Xilinx/Vivado/2018.2/bin/unwrapped/win64.o/xelab.exe -wto cf777509a1714325a1bf43955d0452ba --incr --debug typical --relax --mt 2 -L xil_defaultlib -L secureip --snapshot AU_Sim_behav xil_defaultlib.AU_Sim -log elaborate.log 
Using 2 slave threads.
Starting static elaboration
Completed static elaboration
Starting simulation data flow analysis
Completed simulation data flow analysis
Time Resolution for simulation is 1ps
Compiling package std.standard
Compiling package std.textio
Compiling package ieee.std_logic_1164
Compiling architecture behavioral of entity xil_defaultlib.Slow_Clk [slow_clk_default]
Compiling architecture behavioral of entity xil_defaultlib.Reg [reg_default]
Compiling architecture behavioral of entity xil_defaultlib.HA [ha_default]
Compiling architecture behavioral of entity xil_defaultlib.FA [fa_default]
Compiling architecture behavioral of entity xil_defaultlib.RCA_4 [rca_4_default]
Compiling architecture behavioral of entity xil_defaultlib.AU [au_default]
Compiling architecture behavioral of entity xil_defaultlib.au_sim
Built simulation snapshot AU_Sim_behav
INFO: [USF-XSim-69] 'elaborate' step finished in '3' seconds
INFO: [USF-XSim-4] XSim::Simulate design
INFO: [USF-XSim-61] Executing 'SIMULATE' step in 'C:/Users/User/Desktop/Vivado/Lab6/Lab6.sim/sim_1/behav/xsim'
INFO: [USF-XSim-98] *** Running xsim
   with args "AU_Sim_behav -key {Behavioral:sim_1:Functional:AU_Sim} -tclbatch {AU_Sim.tcl} -log {simulate.log}"
INFO: [USF-XSim-8] Loading simulator feature
Vivado Simulator 2018.2
Time resolution is 1 ps
source AU_Sim.tcl
# set curr_wave [current_wave_config]
# if { [string length $curr_wave] == 0 } {
#   if { [llength [get_objects]] > 0} {
#     add_wave /
#     set_property needs_save false [current_wave_config]
#   } else {
#      send_msg_id Add_Wave-1 WARNING "No top level signals found. Simulator will start without a wave window. If you want to open a wave window go to 'File->New Waveform Configuration' or type 'create_wave_config' in the TCL console."
#   }
# }
# run 1000ns
INFO: [USF-XSim-96] XSim completed. Design snapshot 'AU_Sim_behav' loaded.
INFO: [USF-XSim-97] XSim simulation ran for 1000ns
launch_simulation: Time (s): cpu = 00:00:03 ; elapsed = 00:00:07 . Memory (MB): peak = 891.668 ; gain = 1.246
close_sim
INFO: [Simtcl 6-16] Simulation closed
launch_simulation
INFO: [Vivado 12-5682] Launching behavioral simulation in 'C:/Users/User/Desktop/Vivado/Lab6/Lab6.sim/sim_1/behav/xsim'
INFO: [SIM-utils-51] Simulation object is 'sim_1'
INFO: [SIM-utils-54] Inspecting design source files for 'AU_Sim' in fileset 'sim_1'...
INFO: [USF-XSim-97] Finding global include files...
INFO: [USF-XSim-98] Fetching design files from 'sim_1'...
INFO: [USF-XSim-2] XSim::Compile design
INFO: [USF-XSim-61] Executing 'COMPILE and ANALYZE' step in 'C:/Users/User/Desktop/Vivado/Lab6/Lab6.sim/sim_1/behav/xsim'
"xvhdl --incr --relax -prj AU_Sim_vhdl.prj"
INFO: [VRFC 10-163] Analyzing VHDL file "C:/Users/User/Desktop/Vivado/Lab6/Lab6.srcs/sources_1/imports/new/Slow_Clk.vhd" into library xil_defaultlib
INFO: [VRFC 10-307] analyzing entity Slow_Clk
INFO: [USF-XSim-69] 'compile' step finished in '2' seconds
INFO: [USF-XSim-3] XSim::Elaborate design
INFO: [USF-XSim-61] Executing 'ELABORATE' step in 'C:/Users/User/Desktop/Vivado/Lab6/Lab6.sim/sim_1/behav/xsim'
Vivado Simulator 2018.2
Copyright 1986-1999, 2001-2018 Xilinx, Inc. All Rights Reserved.
Running: C:/Xilinx/Vivado/2018.2/bin/unwrapped/win64.o/xelab.exe -wto cf777509a1714325a1bf43955d0452ba --incr --debug typical --relax --mt 2 -L xil_defaultlib -L secureip --snapshot AU_Sim_behav xil_defaultlib.AU_Sim -log elaborate.log 
Using 2 slave threads.
Starting static elaboration
Completed static elaboration
Starting simulation data flow analysis
Completed simulation data flow analysis
Time Resolution for simulation is 1ps
Compiling package std.standard
Compiling package std.textio
Compiling package ieee.std_logic_1164
Compiling architecture behavioral of entity xil_defaultlib.Slow_Clk [slow_clk_default]
Compiling architecture behavioral of entity xil_defaultlib.Reg [reg_default]
Compiling architecture behavioral of entity xil_defaultlib.HA [ha_default]
Compiling architecture behavioral of entity xil_defaultlib.FA [fa_default]
Compiling architecture behavioral of entity xil_defaultlib.RCA_4 [rca_4_default]
Compiling architecture behavioral of entity xil_defaultlib.AU [au_default]
Compiling architecture behavioral of entity xil_defaultlib.au_sim
Built simulation snapshot AU_Sim_behav
INFO: [USF-XSim-69] 'elaborate' step finished in '3' seconds
INFO: [USF-XSim-4] XSim::Simulate design
INFO: [USF-XSim-61] Executing 'SIMULATE' step in 'C:/Users/User/Desktop/Vivado/Lab6/Lab6.sim/sim_1/behav/xsim'
INFO: [USF-XSim-98] *** Running xsim
   with args "AU_Sim_behav -key {Behavioral:sim_1:Functional:AU_Sim} -tclbatch {AU_Sim.tcl} -log {simulate.log}"
INFO: [USF-XSim-8] Loading simulator feature
Vivado Simulator 2018.2
Time resolution is 1 ps
source AU_Sim.tcl
# set curr_wave [current_wave_config]
# if { [string length $curr_wave] == 0 } {
#   if { [llength [get_objects]] > 0} {
#     add_wave /
#     set_property needs_save false [current_wave_config]
#   } else {
#      send_msg_id Add_Wave-1 WARNING "No top level signals found. Simulator will start without a wave window. If you want to open a wave window go to 'File->New Waveform Configuration' or type 'create_wave_config' in the TCL console."
#   }
# }
# run 1000ns
INFO: [USF-XSim-96] XSim completed. Design snapshot 'AU_Sim_behav' loaded.
INFO: [USF-XSim-97] XSim simulation ran for 1000ns
launch_simulation: Time (s): cpu = 00:00:04 ; elapsed = 00:00:07 . Memory (MB): peak = 893.293 ; gain = 0.000
update_compile_order -fileset sources_1
update_compile_order -fileset sources_1
close_sim
INFO: [Simtcl 6-16] Simulation closed
launch_simulation
INFO: [Vivado 12-5682] Launching behavioral simulation in 'C:/Users/User/Desktop/Vivado/Lab6/Lab6.sim/sim_1/behav/xsim'
INFO: [SIM-utils-51] Simulation object is 'sim_1'
INFO: [SIM-utils-54] Inspecting design source files for 'AU_Sim' in fileset 'sim_1'...
INFO: [USF-XSim-97] Finding global include files...
INFO: [USF-XSim-98] Fetching design files from 'sim_1'...
INFO: [USF-XSim-2] XSim::Compile design
INFO: [USF-XSim-61] Executing 'COMPILE and ANALYZE' step in 'C:/Users/User/Desktop/Vivado/Lab6/Lab6.sim/sim_1/behav/xsim'
"xvhdl --incr --relax -prj AU_Sim_vhdl.prj"
INFO: [VRFC 10-163] Analyzing VHDL file "C:/Users/User/Desktop/Vivado/Lab6/Lab6.srcs/sources_1/imports/new/Slow_Clk.vhd" into library xil_defaultlib
INFO: [VRFC 10-307] analyzing entity Slow_Clk
INFO: [USF-XSim-69] 'compile' step finished in '1' seconds
INFO: [USF-XSim-3] XSim::Elaborate design
INFO: [USF-XSim-61] Executing 'ELABORATE' step in 'C:/Users/User/Desktop/Vivado/Lab6/Lab6.sim/sim_1/behav/xsim'
Vivado Simulator 2018.2
Copyright 1986-1999, 2001-2018 Xilinx, Inc. All Rights Reserved.
Running: C:/Xilinx/Vivado/2018.2/bin/unwrapped/win64.o/xelab.exe -wto cf777509a1714325a1bf43955d0452ba --incr --debug typical --relax --mt 2 -L xil_defaultlib -L secureip --snapshot AU_Sim_behav xil_defaultlib.AU_Sim -log elaborate.log 
Using 2 slave threads.
Starting static elaboration
Completed static elaboration
Starting simulation data flow analysis
Completed simulation data flow analysis
Time Resolution for simulation is 1ps
Compiling package std.standard
Compiling package std.textio
Compiling package ieee.std_logic_1164
Compiling architecture behavioral of entity xil_defaultlib.Slow_Clk [slow_clk_default]
Compiling architecture behavioral of entity xil_defaultlib.Reg [reg_default]
Compiling architecture behavioral of entity xil_defaultlib.HA [ha_default]
Compiling architecture behavioral of entity xil_defaultlib.FA [fa_default]
Compiling architecture behavioral of entity xil_defaultlib.RCA_4 [rca_4_default]
Compiling architecture behavioral of entity xil_defaultlib.AU [au_default]
Compiling architecture behavioral of entity xil_defaultlib.au_sim
Built simulation snapshot AU_Sim_behav
INFO: [USF-XSim-69] 'elaborate' step finished in '3' seconds
INFO: [USF-XSim-4] XSim::Simulate design
INFO: [USF-XSim-61] Executing 'SIMULATE' step in 'C:/Users/User/Desktop/Vivado/Lab6/Lab6.sim/sim_1/behav/xsim'
INFO: [USF-XSim-98] *** Running xsim
   with args "AU_Sim_behav -key {Behavioral:sim_1:Functional:AU_Sim} -tclbatch {AU_Sim.tcl} -log {simulate.log}"
INFO: [USF-XSim-8] Loading simulator feature
Vivado Simulator 2018.2
Time resolution is 1 ps
source AU_Sim.tcl
# set curr_wave [current_wave_config]
# if { [string length $curr_wave] == 0 } {
#   if { [llength [get_objects]] > 0} {
#     add_wave /
#     set_property needs_save false [current_wave_config]
#   } else {
#      send_msg_id Add_Wave-1 WARNING "No top level signals found. Simulator will start without a wave window. If you want to open a wave window go to 'File->New Waveform Configuration' or type 'create_wave_config' in the TCL console."
#   }
# }
# run 1000ns
INFO: [USF-XSim-96] XSim completed. Design snapshot 'AU_Sim_behav' loaded.
INFO: [USF-XSim-97] XSim simulation ran for 1000ns
launch_simulation: Time (s): cpu = 00:00:03 ; elapsed = 00:00:08 . Memory (MB): peak = 894.590 ; gain = 1.039
relaunch_sim
INFO: [Vivado 12-5682] Launching behavioral simulation in 'C:/Users/User/Desktop/Vivado/Lab6/Lab6.sim/sim_1/behav/xsim'
INFO: [SIM-utils-51] Simulation object is 'sim_1'
INFO: [SIM-utils-54] Inspecting design source files for 'AU_Sim' in fileset 'sim_1'...
INFO: [USF-XSim-97] Finding global include files...
INFO: [USF-XSim-98] Fetching design files from 'sim_1'...
INFO: [USF-XSim-2] XSim::Compile design
INFO: [USF-XSim-61] Executing 'COMPILE and ANALYZE' step in 'C:/Users/User/Desktop/Vivado/Lab6/Lab6.sim/sim_1/behav/xsim'
"xvhdl --incr --relax -prj AU_Sim_vhdl.prj"
INFO: [USF-XSim-69] 'compile' step finished in '2' seconds
INFO: [Vivado 12-5682] Launching behavioral simulation in 'C:/Users/User/Desktop/Vivado/Lab6/Lab6.sim/sim_1/behav/xsim'
INFO: [USF-XSim-3] XSim::Elaborate design
INFO: [USF-XSim-61] Executing 'ELABORATE' step in 'C:/Users/User/Desktop/Vivado/Lab6/Lab6.sim/sim_1/behav/xsim'
Vivado Simulator 2018.2
Copyright 1986-1999, 2001-2018 Xilinx, Inc. All Rights Reserved.
Running: C:/Xilinx/Vivado/2018.2/bin/unwrapped/win64.o/xelab.exe -wto cf777509a1714325a1bf43955d0452ba --incr --debug typical --relax --mt 2 -L xil_defaultlib -L secureip --snapshot AU_Sim_behav xil_defaultlib.AU_Sim -log elaborate.log 
Using 2 slave threads.
Starting static elaboration
Completed static elaboration
INFO: [XSIM 43-4323] No Change in HDL. Linking previously generated obj files to create kernel
INFO: [USF-XSim-69] 'elaborate' step finished in '2' seconds
Vivado Simulator 2018.2
Time resolution is 1 ps
relaunch_sim: Time (s): cpu = 00:00:03 ; elapsed = 00:00:07 . Memory (MB): peak = 894.629 ; gain = 0.035
current_wave_config {Untitled 8}
Untitled 8
add_wave {{/AU_Sim/UUT/Reg_A}} 
current_wave_config {Untitled 8}
Untitled 8
add_wave {{/AU_Sim/UUT/Reg_B}} 
save_wave_config {C:/Users/User/Desktop/Vivado/Lab6/AU_Sim_behav1.wcfg}
add_files -fileset sim_1 -norecurse C:/Users/User/Desktop/Vivado/Lab6/AU_Sim_behav1.wcfg
set_property xsim.view {C:/Users/User/Desktop/Vivado/Lab6/AU_Sim_behav.wcfg C:/Users/User/Desktop/Vivado/Lab6/AU_Sim_behav1.wcfg} [get_filesets sim_1]
close_sim
INFO: [Simtcl 6-16] Simulation closed
launch_simulation
INFO: [Vivado 12-5682] Launching behavioral simulation in 'C:/Users/User/Desktop/Vivado/Lab6/Lab6.sim/sim_1/behav/xsim'
INFO: [SIM-utils-51] Simulation object is 'sim_1'
INFO: [SIM-utils-54] Inspecting design source files for 'AU_Sim' in fileset 'sim_1'...
INFO: [USF-XSim-97] Finding global include files...
INFO: [USF-XSim-98] Fetching design files from 'sim_1'...
INFO: [USF-XSim-2] XSim::Compile design
INFO: [USF-XSim-61] Executing 'COMPILE and ANALYZE' step in 'C:/Users/User/Desktop/Vivado/Lab6/Lab6.sim/sim_1/behav/xsim'
"xvhdl --incr --relax -prj AU_Sim_vhdl.prj"
INFO: [USF-XSim-69] 'compile' step finished in '1' seconds
INFO: [USF-XSim-3] XSim::Elaborate design
INFO: [USF-XSim-61] Executing 'ELABORATE' step in 'C:/Users/User/Desktop/Vivado/Lab6/Lab6.sim/sim_1/behav/xsim'
Vivado Simulator 2018.2
Copyright 1986-1999, 2001-2018 Xilinx, Inc. All Rights Reserved.
Running: C:/Xilinx/Vivado/2018.2/bin/unwrapped/win64.o/xelab.exe -wto cf777509a1714325a1bf43955d0452ba --incr --debug typical --relax --mt 2 -L xil_defaultlib -L secureip --snapshot AU_Sim_behav xil_defaultlib.AU_Sim -log elaborate.log 
Using 2 slave threads.
Starting static elaboration
Completed static elaboration
INFO: [XSIM 43-4323] No Change in HDL. Linking previously generated obj files to create kernel
INFO: [USF-XSim-69] 'elaborate' step finished in '2' seconds
INFO: [USF-XSim-4] XSim::Simulate design
INFO: [USF-XSim-61] Executing 'SIMULATE' step in 'C:/Users/User/Desktop/Vivado/Lab6/Lab6.sim/sim_1/behav/xsim'
INFO: [USF-XSim-98] *** Running xsim
   with args "AU_Sim_behav -key {Behavioral:sim_1:Functional:AU_Sim} -tclbatch {AU_Sim.tcl} -view {C:/Users/User/Desktop/Vivado/Lab6/AU_Sim_behav1.wcfg} -log {simulate.log}"
INFO: [USF-XSim-8] Loading simulator feature
Vivado Simulator 2018.2
Time resolution is 1 ps
open_wave_config C:/Users/User/Desktop/Vivado/Lab6/AU_Sim_behav1.wcfg
source AU_Sim.tcl
# set curr_wave [current_wave_config]
# if { [string length $curr_wave] == 0 } {
#   if { [llength [get_objects]] > 0} {
#     add_wave /
#     set_property needs_save false [current_wave_config]
#   } else {
#      send_msg_id Add_Wave-1 WARNING "No top level signals found. Simulator will start without a wave window. If you want to open a wave window go to 'File->New Waveform Configuration' or type 'create_wave_config' in the TCL console."
#   }
# }
# run 1000ns
INFO: [USF-XSim-96] XSim completed. Design snapshot 'AU_Sim_behav' loaded.
INFO: [USF-XSim-97] XSim simulation ran for 1000ns
launch_simulation: Time (s): cpu = 00:00:02 ; elapsed = 00:00:05 . Memory (MB): peak = 900.957 ; gain = 0.055
save_wave_config {C:/Users/User/Desktop/Vivado/Lab6/AU_Sim_behav1.wcfg}
close_sim
INFO: [Simtcl 6-16] Simulation closed
exit
INFO: [Common 17-206] Exiting Vivado at Tue Jun 21 17:32:13 2022...
