#-----------------------------------------------------------
# Vivado v2018.2 (64-bit)
# SW Build 2258646 on Thu Jun 14 20:03:12 MDT 2018
# IP Build 2256618 on Thu Jun 14 22:10:49 MDT 2018
# Start of session at: Tue Jun 21 22:41:51 2022
# Process ID: 21684
# Current directory: C:/Users/User/Desktop/Vivado/Lab6
# Command line: vivado.exe -gui_launcher_event rodinguilauncherevent18288 C:\Users\User\Desktop\Vivado\Lab6\Lab6.xpr
# Log file: C:/Users/User/Desktop/Vivado/Lab6/vivado.log
# Journal file: C:/Users/User/Desktop/Vivado/Lab6\vivado.jou
#-----------------------------------------------------------
start_gui
open_project C:/Users/User/Desktop/Vivado/Lab6/Lab6.xpr
Scanning sources...
Finished scanning sources
INFO: [IP_Flow 19-234] Refreshing IP repositories
INFO: [IP_Flow 19-1704] No user IP repositories specified
INFO: [IP_Flow 19-2313] Loaded Vivado IP repository 'C:/Xilinx/Vivado/2018.2/data/ip'.
open_project: Time (s): cpu = 00:00:16 ; elapsed = 00:00:12 . Memory (MB): peak = 829.582 ; gain = 98.176
update_compile_order -fileset sources_1
exit
INFO: [Common 17-206] Exiting Vivado at Wed Jun 22 02:49:28 2022...
